<?xml version="1.0" encoding="UTF-8"?>
<testsuite name="Sanity Test"
           tests="3"
           failures="0"
           errors="0"
           skipped="0"
           time="2.220">
  <properties />
  
  
            <testcase name="verifyUserShouldNavigateToRegisterPageSuccessfully" time="0.404" classname="com.nopcommerce.demo.testsuite.RegisterPageTest" />
                <testcase name="VerifyThatUserShouldCreateAccountSuccessfully" time="1.276" classname="com.nopcommerce.demo.testsuite.RegisterPageTest" />
                <testcase name="verifyThatFirstNameLastNameEmailPasswordAndConfirmPasswordFieldsAreMandatory" time="0.540" classname="com.nopcommerce.demo.testsuite.RegisterPageTest" />
      
</testsuite>
