<?xml version="1.0" encoding="UTF-8"?>
<testsuite name="Sanity Test"
           tests="4"
           failures="0"
           errors="0"
           skipped="0"
           time="4.660">
  <properties />
  
  
            <testcase name="userShouldNavigateToLoginPageSuccessFully" time="0.823" classname="com.nopcommerce.demo.testsuite.LoginPageTest" />
                <testcase name="verifyThatUserShouldLogInSuccessFullyWithValidCredentials" time="1.091" classname="com.nopcommerce.demo.testsuite.LoginPageTest" />
                <testcase name="VerifyThatUserShouldLogOutSuccessFully" time="1.943" classname="com.nopcommerce.demo.testsuite.LoginPageTest" />
                <testcase name="verifyTheErrorMessageWithInValidCredentials" time="0.803" classname="com.nopcommerce.demo.testsuite.LoginPageTest" />
      
</testsuite>
